# JRE version: Java(TM) SE Runtime Environment (8.0_20-b26) (build 1.8.0_20-b26)
# Java VM: Java HotSpot(TM) 64-Bit Server VM (25.20-b23 mixed mode bsd-amd64 compressed oops)
Heap:
 PSYoungGen      total 324096K, used 12610K [0x00000007aab00000, 0x00000007bfe00000, 0x00000007c0000000)
  eden space 303104K, 0% used [0x00000007aab00000,0x00000007aade55d8,0x00000007bd300000)
  from space 20992K, 45% used [0x00000007be980000,0x00000007bf2eb4d0,0x00000007bfe00000)
  to   space 22016K, 0% used [0x00000007bd300000,0x00000007bd300000,0x00000007be880000)
 ParOldGen       total 107008K, used 44941K [0x0000000780000000, 0x0000000786880000, 0x00000007aab00000)
  object space 107008K, 41% used [0x0000000780000000,0x0000000782be3778,0x0000000786880000)
 Metaspace       used 43684K, capacity 51015K, committed 51072K, reserved 1087488K
  class space    used 9622K, capacity 12660K, committed 12672K, reserved 1048576K
GC Heap History (10 events):
Event: 11.474 GC heap before
{Heap before GC invocations=17 (full 2):
 PSYoungGen      total 323584K, used 323580K [0x00000007aab00000, 0x00000007c0000000, 0x00000007c0000000)
  eden space 316416K, 100% used [0x00000007aab00000,0x00000007be000000,0x00000007be000000)
  from space 7168K, 99% used [0x00000007bf900000,0x00000007bffff108,0x00000007c0000000)
  to   space 16384K, 0% used [0x00000007be000000,0x00000007be000000,0x00000007bf000000)
 ParOldGen       total 73728K, used 46735K [0x0000000780000000, 0x0000000784800000, 0x00000007aab00000)
  object space 73728K, 63% used [0x0000000780000000,0x0000000782da3e08,0x0000000784800000)
 Metaspace       used 33933K, capacity 37801K, committed 38144K, reserved 1079296K
  class space    used 7493K, capacity 8863K, committed 8960K, reserved 1048576K
Event: 11.533 GC heap after
Heap after GC invocations=17 (full 2):
 PSYoungGen      total 332800K, used 16362K [0x00000007aab00000, 0x00000007c0000000, 0x00000007c0000000)
  eden space 316416K, 0% used [0x00000007aab00000,0x00000007aab00000,0x00000007be000000)
  from space 16384K, 99% used [0x00000007be000000,0x00000007beffa870,0x00000007bf000000)
  to   space 16384K, 0% used [0x00000007bf000000,0x00000007bf000000,0x00000007c0000000)
 ParOldGen       total 73728K, used 59614K [0x0000000780000000, 0x0000000784800000, 0x00000007aab00000)
  object space 73728K, 80% used [0x0000000780000000,0x0000000783a37b10,0x0000000784800000)
 Metaspace       used 33933K, capacity 37801K, committed 38144K, reserved 1079296K
  class space    used 7493K, capacity 8863K, committed 8960K, reserved 1048576K
}
Event: 27.260 GC heap before
{Heap before GC invocations=18 (full 2):
 PSYoungGen      total 332800K, used 332778K [0x00000007aab00000, 0x00000007c0000000, 0x00000007c0000000)
  eden space 316416K, 100% used [0x00000007aab00000,0x00000007be000000,0x00000007be000000)
  from space 16384K, 99% used [0x00000007be000000,0x00000007beffa870,0x00000007bf000000)
  to   space 16384K, 0% used [0x00000007bf000000,0x00000007bf000000,0x00000007c0000000)
 ParOldGen       total 73728K, used 59614K [0x0000000780000000, 0x0000000784800000, 0x00000007aab00000)
  object space 73728K, 80% used [0x0000000780000000,0x0000000783a37b10,0x0000000784800000)
 Metaspace       used 34892K, capacity 39361K, committed 39424K, reserved 1079296K
  class space    used 7827K, capacity 9431K, committed 9472K, reserved 1048576K
Event: 27.287 GC heap after
Heap after GC invocations=18 (full 2):
 PSYoungGen      total 319488K, used 10461K [0x00000007aab00000, 0x00000007c0000000, 0x00000007c0000000)
  eden space 303104K, 0% used [0x00000007aab00000,0x00000007aab00000,0x00000007bd300000)
  from space 16384K, 63% used [0x00000007bf000000,0x00000007bfa377a0,0x00000007c0000000)
  to   space 23040K, 0% used [0x00000007bd300000,0x00000007bd300000,0x00000007be980000)
 ParOldGen       total 73728K, used 62099K [0x0000000780000000, 0x0000000784800000, 0x00000007aab00000)
  object space 73728K, 84% used [0x0000000780000000,0x0000000783ca4c00,0x0000000784800000)
 Metaspace       used 34892K, capacity 39361K, committed 39424K, reserved 1079296K
  class space    used 7827K, capacity 9431K, committed 9472K, reserved 1048576K
}
Event: 27.287 GC heap before
{Heap before GC invocations=19 (full 3):
 PSYoungGen      total 319488K, used 10461K [0x00000007aab00000, 0x00000007c0000000, 0x00000007c0000000)
  eden space 303104K, 0% used [0x00000007aab00000,0x00000007aab00000,0x00000007bd300000)
  from space 16384K, 63% used [0x00000007bf000000,0x00000007bfa377a0,0x00000007c0000000)
  to   space 23040K, 0% used [0x00000007bd300000,0x00000007bd300000,0x00000007be980000)
 ParOldGen       total 73728K, used 62099K [0x0000000780000000, 0x0000000784800000, 0x00000007aab00000)
  object space 73728K, 84% used [0x0000000780000000,0x0000000783ca4c00,0x0000000784800000)
 Metaspace       used 34892K, capacity 39361K, committed 39424K, reserved 1079296K
  class space    used 7827K, capacity 9431K, committed 9472K, reserved 1048576K
Event: 27.648 GC heap after
Heap after GC invocations=19 (full 3):
 PSYoungGen      total 319488K, used 0K [0x00000007aab00000, 0x00000007c0000000, 0x00000007c0000000)
  eden space 303104K, 0% used [0x00000007aab00000,0x00000007aab00000,0x00000007bd300000)
  from space 16384K, 0% used [0x00000007bf000000,0x00000007bf000000,0x00000007c0000000)
  to   space 23040K, 0% used [0x00000007bd300000,0x00000007bd300000,0x00000007be980000)
 ParOldGen       total 107008K, used 44925K [0x0000000780000000, 0x0000000786880000, 0x00000007aab00000)
  object space 107008K, 41% used [0x0000000780000000,0x0000000782bdf778,0x0000000786880000)
 Metaspace       used 34810K, capacity 39223K, committed 39424K, reserved 1079296K
  class space    used 7804K, capacity 9393K, committed 9472K, reserved 1048576K
}
Event: 1825.356 GC heap before
{Heap before GC invocations=20 (full 3):
 PSYoungGen      total 319488K, used 303104K [0x00000007aab00000, 0x00000007c0000000, 0x00000007c0000000)
  eden space 303104K, 100% used [0x00000007aab00000,0x00000007bd300000,0x00000007bd300000)
  from space 16384K, 0% used [0x00000007bf000000,0x00000007bf000000,0x00000007c0000000)
  to   space 23040K, 0% used [0x00000007bd300000,0x00000007bd300000,0x00000007be980000)
 ParOldGen       total 107008K, used 44925K [0x0000000780000000, 0x0000000786880000, 0x00000007aab00000)
  object space 107008K, 41% used [0x0000000780000000,0x0000000782bdf778,0x0000000786880000)
 Metaspace       used 36799K, capacity 42627K, committed 42752K, reserved 1081344K
  class space    used 8391K, capacity 10693K, committed 10752K, reserved 1048576K
Event: 1825.399 GC heap after
Heap after GC invocations=20 (full 3):
 PSYoungGen      total 326144K, used 1488K [0x00000007aab00000, 0x00000007c0000000, 0x00000007c0000000)
  eden space 303104K, 0% used [0x00000007aab00000,0x00000007aab00000,0x00000007bd300000)
  from space 23040K, 6% used [0x00000007bd300000,0x00000007bd474010,0x00000007be980000)
  to   space 23040K, 0% used [0x00000007be980000,0x00000007be980000,0x00000007c0000000)
 ParOldGen       total 107008K, used 44933K [0x0000000780000000, 0x0000000786880000, 0x00000007aab00000)
  object space 107008K, 41% used [0x0000000780000000,0x0000000782be1778,0x0000000786880000)
 Metaspace       used 36799K, capacity 42627K, committed 42752K, reserved 1081344K
  class space    used 8391K, capacity 10693K, committed 10752K, reserved 1048576K
}
Event: 4786.260 GC heap before
{Heap before GC invocations=21 (full 3):
 PSYoungGen      total 326144K, used 304592K [0x00000007aab00000, 0x00000007c0000000, 0x00000007c0000000)
  eden space 303104K, 100% used [0x00000007aab00000,0x00000007bd300000,0x00000007bd300000)
  from space 23040K, 6% used [0x00000007bd300000,0x00000007bd474010,0x00000007be980000)
  to   space 23040K, 0% used [0x00000007be980000,0x00000007be980000,0x00000007c0000000)
 ParOldGen       total 107008K, used 44933K [0x0000000780000000, 0x0000000786880000, 0x00000007aab00000)
  object space 107008K, 41% used [0x0000000780000000,0x0000000782be1778,0x0000000786880000)
 Metaspace       used 43684K, capacity 51015K, committed 51072K, reserved 1087488K
  class space    used 9622K, capacity 12660K, committed 12672K, reserved 1048576K
Event: 4786.348 GC heap after
Heap after GC invocations=21 (full 3):
 PSYoungGen      total 324096K, used 9645K [0x00000007aab00000, 0x00000007bfe00000, 0x00000007c0000000)
  eden space 303104K, 0% used [0x00000007aab00000,0x00000007aab00000,0x00000007bd300000)
  from space 20992K, 45% used [0x00000007be980000,0x00000007bf2eb4d0,0x00000007bfe00000)
  to   space 22016K, 0% used [0x00000007bd300000,0x00000007bd300000,0x00000007be880000)
 ParOldGen       total 107008K, used 44941K [0x0000000780000000, 0x0000000786880000, 0x00000007aab00000)
  object space 107008K, 41% used [0x0000000780000000,0x0000000782be3778,0x0000000786880000)
 Metaspace       used 43684K, capacity 51015K, committed 51072K, reserved 1087488K
  class space    used 9622K, capacity 12660K, committed 12672K, reserved 1048576K
}

